C51 COMPILER V9.52.0.0   1602                                                              03/08/2018 02:27:03 PAGE 1   


C51 COMPILER V9.52.0.0, COMPILATION OF MODULE 1602
OBJECT MODULE PLACED IN 1602.OBJ
COMPILER INVOKED BY: C:\Keil\C51\BIN\C51.EXE 1602.c BROWSE DEBUG OBJECTEXTEND TABS(2)

line level    source

   1          /*********************************************************************************
   2          * 【编写时间】： 2014年3月5日
   3          * 【作    者】： 清翔电子:03
   4          * 【版    本】： 1.0
   5          * 【网    站】： http://www.qxmcu.com/ 
   6          * 【淘宝店铺】： http://qxmcu.taobao.com/ 
   7          * 【实验平台】： QX-MCS51 单片机开发板
   8          * 【外部晶振】： 11.0592mhz 
   9          * 【主控芯片】： STC89C52
  10          * 【编译环境】： Keil μVisio3  
  11          * 【程序功能】： 1602基本显示                                   
  12          * 【使用说明】： 液晶1脚接1602黑色排母的1脚  如果是无背光的液晶只有14个脚 排母右边空2个位   
  13                           请把液晶对比度电位器顺时针调制10点钟方向，请勿多调超出极限位置会损坏电位器！
  14          
  15          
  16          *  说明：免费开源，不提供源代码分析.
  17          **********************************************************************************/
  18          
  19          #include<reg52.h>
  20          #define uchar unsigned char
  21          #define uint unsigned int
  22          uchar buf;
  23          
  24          unsigned char num;
  25          sbit dula=P2^6;   //段选信号的锁存器控制
  26          sbit wela=P2^7;   //位选信号的锁存器控制
  27          sbit beep=P2^3;
  28          sbit lcden=P3^4;
  29          sbit rs=P3^5;
  30          sbit rw=P3^6; 
  31          
  32          unsigned char code table[]={0x3f,0x06,0x5b,0x4f,0x66,0x6d,0x7d,
  33                                  0x07,0x7f,0x6f,0x77,0x7c,0x39,0x5e,0x79,0x71};
  34                      //0-F的码表
  35          uchar table1[]="   Ning Kejun   ";
  36          uchar table2[]="                ";
  37          void delay(uint x)
  38          {
  39   1        uint a,b;
  40   1        for(a=x;a>0;a--)
  41   1          for(b=10;b>0;b--); 
  42   1      }
  43          
  44          void delay1(uint x)
  45          {
  46   1        uint a,b;
  47   1        for(a=x;a>0;a--)
  48   1          for(b=100;b>0;b--); 
  49   1      }
  50          
  51          void write_com(uchar com)
  52          {
  53   1        P0=com;
  54   1        rs=0;
  55   1        lcden=0;
C51 COMPILER V9.52.0.0   1602                                                              03/08/2018 02:27:03 PAGE 2   

  56   1        delay(10);
  57   1        lcden=1;
  58   1        delay(10);
  59   1        lcden=0;
  60   1        
  61   1      }
  62          
  63          void write_date(uchar date)
  64          {
  65   1        P0=date;
  66   1        rs=1;
  67   1        lcden=0;
  68   1        delay(10);
  69   1        lcden=1;
  70   1        delay(10);
  71   1        lcden=0;
  72   1        
  73   1      }
  74          
  75          void init()
  76          {
  77   1              rw=0;
  78   1        dula=0;
  79   1        wela=0;
  80   1        write_com(0x38);   //显示模式设置：16×2显示，5×7点阵，8位数据接口
  81   1        delay(20);
  82   1        write_com(0x0f);   //显示模式设置
  83   1        delay(20);
  84   1        write_com(0x06);   //显示模式设置：光标右移，字符不移
  85   1        delay(20);
  86   1        write_com(0x01);   //清屏幕指令，将以前的显示内容清除
  87   1        delay(20);  
  88   1      }
  89          
  90          void main()
  91          {
  92   1          uchar a;
  93   1        init();
  94   1        
  95   1        while(1)
  96   1        {
  97   2        
  98   2        
  99   2        SCON=0x50;           //设定串口工作方式
 100   2          PCON=0x00;           //波特率不倍增
 101   2            
 102   2          TMOD=0x20;           //定时器1工作于8位自动重载模式, 用于产生波特率
 103   2          EA=1;
 104   2          ES = 1;              //允许串口中断
 105   2          TL1=0xfd;
 106   2          TH1=0xfd;             //波特率9600
 107   2          TR1=1;
 108   2        
 109   2        write_com(0x80);   //将第一个字符写在向右偏移17个字符处，为后面的由右向左划入做准备。
 110   2        delay(20);
 111   2        for(a=0;a<16;a++)
 112   2        {
 113   3        write_date(table1[a]);
 114   3        delay(20);    
 115   3        }
 116   2      
 117   2        write_com(0xc0);
C51 COMPILER V9.52.0.0   1602                                                              03/08/2018 02:27:03 PAGE 3   

 118   2        delay(50);
 119   2        for(a=0;a<16;a++)
 120   2        {
 121   3        write_date(table2[a]);
 122   3        delay(40);    
 123   3      
 124   3            
 125   3        
 126   3        }
 127   2        }
 128   1      }
 129          
 130          void  serial() interrupt 4 
 131          {
 132   1         ES = 0;                //关闭串行中断
 133   1         RI = 0;                //清除串行接受标志位
 134   1         buf = SBUF;            //从串口缓冲区取得数据
 135   1        
 136   1        num = (buf - '0');
 137   1        P0=table[num];     
 138   1            dula=1;
 139   1            dula=0;
 140   1      
 141   1            P0=0xfe;     //选中第一个数码管
 142   1            wela=1;
 143   1            wela=0;
 144   1            delay(1000);
 145   1        
 146   1        switch(buf)
 147   1         {
 148   2            case 0x31:  P1=0xfe;beep=1;table2[1]=buf;break;  //接受到1，第一个LED亮         
 149   2            case 0x32:  P1=0xfd;beep=1;table2[1]=buf;break;  //接受到2，第二个LED亮        
 150   2            case 0x33:  P1=0xfb;beep=1;table2[1]=buf;break;  //接受到3，第三个LED亮        
 151   2            case 0x34:  P1=0xf7;beep=1;table2[1]=buf;break;  //接受到4，第四个LED亮       
 152   2            case 0x35:  P1=0xef;beep=1;table2[1]=buf;break;  //接受到5，第五个LED亮            
 153   2            case 0x36:  P1=0xdf;beep=1;table2[1]=buf;break;  //接受到6，第六个LED亮                   
 154   2            case 0x37:  P1=0xbf;beep=1;table2[1]=buf;break;  //接受到7，第七个LED亮
 155   2          case 0x38:  P1=0x7f;beep=1;table2[1]=buf;break;  //接受到8，第八个LED亮
 156   2          default:    beep=0;P1=0xff;break;  //接受到其它数据，蜂鸣器响         
 157   2         }
 158   1         ES = 1;    //允许串口中断
 159   1      }


MODULE INFORMATION:   STATIC OVERLAYABLE
   CODE SIZE        =    412    ----
   CONSTANT SIZE    =     16    ----
   XDATA SIZE       =   ----    ----
   PDATA SIZE       =   ----    ----
   DATA SIZE        =     36    ----
   IDATA SIZE       =   ----    ----
   BIT SIZE         =   ----    ----
END OF MODULE INFORMATION.


C51 COMPILATION COMPLETE.  0 WARNING(S),  0 ERROR(S)
